0 info it worked if it ends with ok
1 verbose cli [ 'C:\\Program Files\\nodejs\\node.exe',
1 verbose cli   'C:\\ProgramData\\chocolatey\\lib\\npm\\tools\\node_modules\\npm\\bin\\npm-cli.js',
1 verbose cli   'install' ]
2 info using npm@1.4.9
3 info using node@v8.1.1
4 verbose readDependencies using package.json deps
5 verbose install where, deps [ 'C:\\git\\Source\\Repos\\scaling-invention\\scaling-invention\\scaling-invention',
5 verbose install   [ '@angular/common',
5 verbose install     '@angular/compiler',
5 verbose install     '@angular/core',
5 verbose install     '@angular/forms',
5 verbose install     '@angular/http',
5 verbose install     '@angular/platform-browser',
5 verbose install     '@angular/platform-browser-dynamic',
5 verbose install     '@angular/router',
5 verbose install     'angular-in-memory-web-api',
5 verbose install     'systemjs',
5 verbose install     'core-js',
5 verbose install     'rxjs',
5 verbose install     'zone.js',
5 verbose install     'concurrently',
5 verbose install     'lite-server',
5 verbose install     'typescript',
5 verbose install     'canonical-path',
5 verbose install     'tslint',
5 verbose install     'lodash',
5 verbose install     'jasmine-core',
5 verbose install     'karma',
5 verbose install     'karma-chrome-launcher',
5 verbose install     'karma-cli',
5 verbose install     'karma-jasmine',
5 verbose install     'karma-jasmine-html-reporter',
5 verbose install     'protractor',
5 verbose install     'rimraf',
5 verbose install     '@types/node',
5 verbose install     '@types/jasmine' ] ]
6 info preinstall asp.net@1.0.0
7 verbose readDependencies using package.json deps
8 verbose cache add [ '@angular/router@~4.3.4', null ]
9 verbose cache add name=undefined spec="@angular/router@~4.3.4" args=["@angular/router@~4.3.4",null]
10 verbose parsed url Url {
10 verbose parsed url   protocol: null,
10 verbose parsed url   slashes: null,
10 verbose parsed url   auth: null,
10 verbose parsed url   host: null,
10 verbose parsed url   port: null,
10 verbose parsed url   hostname: null,
10 verbose parsed url   hash: null,
10 verbose parsed url   search: null,
10 verbose parsed url   query: null,
10 verbose parsed url   pathname: '@angular/router@~4.3.4',
10 verbose parsed url   path: '@angular/router@~4.3.4',
10 verbose parsed url   href: '@angular/router@~4.3.4' }
11 verbose cache add [ 'angular-in-memory-web-api@~0.3.0', null ]
12 verbose cache add name=undefined spec="angular-in-memory-web-api@~0.3.0" args=["angular-in-memory-web-api@~0.3.0",null]
13 verbose parsed url Url {
13 verbose parsed url   protocol: null,
13 verbose parsed url   slashes: null,
13 verbose parsed url   auth: null,
13 verbose parsed url   host: null,
13 verbose parsed url   port: null,
13 verbose parsed url   hostname: null,
13 verbose parsed url   hash: null,
13 verbose parsed url   search: null,
13 verbose parsed url   query: null,
13 verbose parsed url   pathname: 'angular-in-memory-web-api@~0.3.0',
13 verbose parsed url   path: 'angular-in-memory-web-api@~0.3.0',
13 verbose parsed url   href: 'angular-in-memory-web-api@~0.3.0' }
14 verbose cache add name="angular-in-memory-web-api" spec="~0.3.0" args=["angular-in-memory-web-api","~0.3.0"]
15 verbose parsed url Url {
15 verbose parsed url   protocol: null,
15 verbose parsed url   slashes: null,
15 verbose parsed url   auth: null,
15 verbose parsed url   host: null,
15 verbose parsed url   port: null,
15 verbose parsed url   hostname: null,
15 verbose parsed url   hash: null,
15 verbose parsed url   search: null,
15 verbose parsed url   query: null,
15 verbose parsed url   pathname: '~0.3.0',
15 verbose parsed url   path: '~0.3.0',
15 verbose parsed url   href: '~0.3.0' }
16 verbose addNamed [ 'angular-in-memory-web-api', '~0.3.0' ]
17 verbose addNamed [ null, '>=0.3.0-0 <0.4.0-0' ]
18 verbose cache add [ 'systemjs@0.19.40', null ]
19 verbose cache add name=undefined spec="systemjs@0.19.40" args=["systemjs@0.19.40",null]
20 verbose parsed url Url {
20 verbose parsed url   protocol: null,
20 verbose parsed url   slashes: null,
20 verbose parsed url   auth: null,
20 verbose parsed url   host: null,
20 verbose parsed url   port: null,
20 verbose parsed url   hostname: null,
20 verbose parsed url   hash: null,
20 verbose parsed url   search: null,
20 verbose parsed url   query: null,
20 verbose parsed url   pathname: 'systemjs@0.19.40',
20 verbose parsed url   path: 'systemjs@0.19.40',
20 verbose parsed url   href: 'systemjs@0.19.40' }
21 verbose cache add name="systemjs" spec="0.19.40" args=["systemjs","0.19.40"]
22 verbose parsed url Url {
22 verbose parsed url   protocol: null,
22 verbose parsed url   slashes: null,
22 verbose parsed url   auth: null,
22 verbose parsed url   host: null,
22 verbose parsed url   port: null,
22 verbose parsed url   hostname: null,
22 verbose parsed url   hash: null,
22 verbose parsed url   search: null,
22 verbose parsed url   query: null,
22 verbose parsed url   pathname: '0.19.40',
22 verbose parsed url   path: '0.19.40',
22 verbose parsed url   href: '0.19.40' }
23 verbose addNamed [ 'systemjs', '0.19.40' ]
24 verbose addNamed [ '0.19.40', '0.19.40' ]
25 verbose cache add [ 'core-js@^2.4.1', null ]
26 verbose cache add name=undefined spec="core-js@^2.4.1" args=["core-js@^2.4.1",null]
27 verbose parsed url Url {
27 verbose parsed url   protocol: null,
27 verbose parsed url   slashes: null,
27 verbose parsed url   auth: null,
27 verbose parsed url   host: null,
27 verbose parsed url   port: null,
27 verbose parsed url   hostname: null,
27 verbose parsed url   hash: null,
27 verbose parsed url   search: null,
27 verbose parsed url   query: null,
27 verbose parsed url   pathname: 'core-js@%5E2.4.1',
27 verbose parsed url   path: 'core-js@%5E2.4.1',
27 verbose parsed url   href: 'core-js@%5E2.4.1' }
28 verbose cache add name="core-js" spec="^2.4.1" args=["core-js","^2.4.1"]
29 verbose parsed url Url {
29 verbose parsed url   protocol: null,
29 verbose parsed url   slashes: null,
29 verbose parsed url   auth: null,
29 verbose parsed url   host: null,
29 verbose parsed url   port: null,
29 verbose parsed url   hostname: null,
29 verbose parsed url   hash: null,
29 verbose parsed url   search: null,
29 verbose parsed url   query: null,
29 verbose parsed url   pathname: '%5E2.4.1',
29 verbose parsed url   path: '%5E2.4.1',
29 verbose parsed url   href: '%5E2.4.1' }
30 verbose addNamed [ 'core-js', '^2.4.1' ]
31 verbose addNamed [ null, '>=2.4.1-0 <3.0.0-0' ]
32 verbose cache add [ 'rxjs@5.0.1', null ]
33 verbose cache add name=undefined spec="rxjs@5.0.1" args=["rxjs@5.0.1",null]
34 verbose parsed url Url {
34 verbose parsed url   protocol: null,
34 verbose parsed url   slashes: null,
34 verbose parsed url   auth: null,
34 verbose parsed url   host: null,
34 verbose parsed url   port: null,
34 verbose parsed url   hostname: null,
34 verbose parsed url   hash: null,
34 verbose parsed url   search: null,
34 verbose parsed url   query: null,
34 verbose parsed url   pathname: 'rxjs@5.0.1',
34 verbose parsed url   path: 'rxjs@5.0.1',
34 verbose parsed url   href: 'rxjs@5.0.1' }
35 verbose cache add name="rxjs" spec="5.0.1" args=["rxjs","5.0.1"]
36 verbose parsed url Url {
36 verbose parsed url   protocol: null,
36 verbose parsed url   slashes: null,
36 verbose parsed url   auth: null,
36 verbose parsed url   host: null,
36 verbose parsed url   port: null,
36 verbose parsed url   hostname: null,
36 verbose parsed url   hash: null,
36 verbose parsed url   search: null,
36 verbose parsed url   query: null,
36 verbose parsed url   pathname: '5.0.1',
36 verbose parsed url   path: '5.0.1',
36 verbose parsed url   href: '5.0.1' }
37 verbose addNamed [ 'rxjs', '5.0.1' ]
38 verbose addNamed [ '5.0.1', '5.0.1' ]
39 verbose cache add [ 'zone.js@^0.8.4', null ]
40 verbose cache add name=undefined spec="zone.js@^0.8.4" args=["zone.js@^0.8.4",null]
41 verbose parsed url Url {
41 verbose parsed url   protocol: null,
41 verbose parsed url   slashes: null,
41 verbose parsed url   auth: null,
41 verbose parsed url   host: null,
41 verbose parsed url   port: null,
41 verbose parsed url   hostname: null,
41 verbose parsed url   hash: null,
41 verbose parsed url   search: null,
41 verbose parsed url   query: null,
41 verbose parsed url   pathname: 'zone.js@%5E0.8.4',
41 verbose parsed url   path: 'zone.js@%5E0.8.4',
41 verbose parsed url   href: 'zone.js@%5E0.8.4' }
42 verbose cache add name="zone.js" spec="^0.8.4" args=["zone.js","^0.8.4"]
43 verbose parsed url Url {
43 verbose parsed url   protocol: null,
43 verbose parsed url   slashes: null,
43 verbose parsed url   auth: null,
43 verbose parsed url   host: null,
43 verbose parsed url   port: null,
43 verbose parsed url   hostname: null,
43 verbose parsed url   hash: null,
43 verbose parsed url   search: null,
43 verbose parsed url   query: null,
43 verbose parsed url   pathname: '%5E0.8.4',
43 verbose parsed url   path: '%5E0.8.4',
43 verbose parsed url   href: '%5E0.8.4' }
44 verbose addNamed [ 'zone.js', '^0.8.4' ]
45 verbose addNamed [ null, '>=0.8.4-0 <0.9.0-0' ]
46 verbose cache add [ 'concurrently@^3.2.0', null ]
47 verbose cache add name=undefined spec="concurrently@^3.2.0" args=["concurrently@^3.2.0",null]
48 verbose parsed url Url {
48 verbose parsed url   protocol: null,
48 verbose parsed url   slashes: null,
48 verbose parsed url   auth: null,
48 verbose parsed url   host: null,
48 verbose parsed url   port: null,
48 verbose parsed url   hostname: null,
48 verbose parsed url   hash: null,
48 verbose parsed url   search: null,
48 verbose parsed url   query: null,
48 verbose parsed url   pathname: 'concurrently@%5E3.2.0',
48 verbose parsed url   path: 'concurrently@%5E3.2.0',
48 verbose parsed url   href: 'concurrently@%5E3.2.0' }
49 verbose cache add name="concurrently" spec="^3.2.0" args=["concurrently","^3.2.0"]
50 verbose parsed url Url {
50 verbose parsed url   protocol: null,
50 verbose parsed url   slashes: null,
50 verbose parsed url   auth: null,
50 verbose parsed url   host: null,
50 verbose parsed url   port: null,
50 verbose parsed url   hostname: null,
50 verbose parsed url   hash: null,
50 verbose parsed url   search: null,
50 verbose parsed url   query: null,
50 verbose parsed url   pathname: '%5E3.2.0',
50 verbose parsed url   path: '%5E3.2.0',
50 verbose parsed url   href: '%5E3.2.0' }
51 verbose addNamed [ 'concurrently', '^3.2.0' ]
52 verbose addNamed [ null, '>=3.2.0-0 <4.0.0-0' ]
53 verbose cache add [ 'lite-server@^2.2.2', null ]
54 verbose cache add name=undefined spec="lite-server@^2.2.2" args=["lite-server@^2.2.2",null]
55 verbose parsed url Url {
55 verbose parsed url   protocol: null,
55 verbose parsed url   slashes: null,
55 verbose parsed url   auth: null,
55 verbose parsed url   host: null,
55 verbose parsed url   port: null,
55 verbose parsed url   hostname: null,
55 verbose parsed url   hash: null,
55 verbose parsed url   search: null,
55 verbose parsed url   query: null,
55 verbose parsed url   pathname: 'lite-server@%5E2.2.2',
55 verbose parsed url   path: 'lite-server@%5E2.2.2',
55 verbose parsed url   href: 'lite-server@%5E2.2.2' }
56 verbose cache add name="lite-server" spec="^2.2.2" args=["lite-server","^2.2.2"]
57 verbose parsed url Url {
57 verbose parsed url   protocol: null,
57 verbose parsed url   slashes: null,
57 verbose parsed url   auth: null,
57 verbose parsed url   host: null,
57 verbose parsed url   port: null,
57 verbose parsed url   hostname: null,
57 verbose parsed url   hash: null,
57 verbose parsed url   search: null,
57 verbose parsed url   query: null,
57 verbose parsed url   pathname: '%5E2.2.2',
57 verbose parsed url   path: '%5E2.2.2',
57 verbose parsed url   href: '%5E2.2.2' }
58 verbose addNamed [ 'lite-server', '^2.2.2' ]
59 verbose addNamed [ null, '>=2.2.2-0 <3.0.0-0' ]
60 verbose cache add [ 'typescript@~2.1.0', null ]
61 verbose cache add name=undefined spec="typescript@~2.1.0" args=["typescript@~2.1.0",null]
62 verbose parsed url Url {
62 verbose parsed url   protocol: null,
62 verbose parsed url   slashes: null,
62 verbose parsed url   auth: null,
62 verbose parsed url   host: null,
62 verbose parsed url   port: null,
62 verbose parsed url   hostname: null,
62 verbose parsed url   hash: null,
62 verbose parsed url   search: null,
62 verbose parsed url   query: null,
62 verbose parsed url   pathname: 'typescript@~2.1.0',
62 verbose parsed url   path: 'typescript@~2.1.0',
62 verbose parsed url   href: 'typescript@~2.1.0' }
63 verbose cache add name="typescript" spec="~2.1.0" args=["typescript","~2.1.0"]
64 verbose parsed url Url {
64 verbose parsed url   protocol: null,
64 verbose parsed url   slashes: null,
64 verbose parsed url   auth: null,
64 verbose parsed url   host: null,
64 verbose parsed url   port: null,
64 verbose parsed url   hostname: null,
64 verbose parsed url   hash: null,
64 verbose parsed url   search: null,
64 verbose parsed url   query: null,
64 verbose parsed url   pathname: '~2.1.0',
64 verbose parsed url   path: '~2.1.0',
64 verbose parsed url   href: '~2.1.0' }
65 verbose addNamed [ 'typescript', '~2.1.0' ]
66 verbose addNamed [ null, '>=2.1.0-0 <2.2.0-0' ]
67 verbose cache add [ 'canonical-path@0.0.2', null ]
68 verbose cache add name=undefined spec="canonical-path@0.0.2" args=["canonical-path@0.0.2",null]
69 verbose parsed url Url {
69 verbose parsed url   protocol: null,
69 verbose parsed url   slashes: null,
69 verbose parsed url   auth: null,
69 verbose parsed url   host: null,
69 verbose parsed url   port: null,
69 verbose parsed url   hostname: null,
69 verbose parsed url   hash: null,
69 verbose parsed url   search: null,
69 verbose parsed url   query: null,
69 verbose parsed url   pathname: 'canonical-path@0.0.2',
69 verbose parsed url   path: 'canonical-path@0.0.2',
69 verbose parsed url   href: 'canonical-path@0.0.2' }
70 verbose cache add name="canonical-path" spec="0.0.2" args=["canonical-path","0.0.2"]
71 verbose parsed url Url {
71 verbose parsed url   protocol: null,
71 verbose parsed url   slashes: null,
71 verbose parsed url   auth: null,
71 verbose parsed url   host: null,
71 verbose parsed url   port: null,
71 verbose parsed url   hostname: null,
71 verbose parsed url   hash: null,
71 verbose parsed url   search: null,
71 verbose parsed url   query: null,
71 verbose parsed url   pathname: '0.0.2',
71 verbose parsed url   path: '0.0.2',
71 verbose parsed url   href: '0.0.2' }
72 verbose addNamed [ 'canonical-path', '0.0.2' ]
73 verbose addNamed [ '0.0.2', '0.0.2' ]
74 verbose cache add [ 'tslint@^3.15.1', null ]
75 verbose cache add name=undefined spec="tslint@^3.15.1" args=["tslint@^3.15.1",null]
76 verbose parsed url Url {
76 verbose parsed url   protocol: null,
76 verbose parsed url   slashes: null,
76 verbose parsed url   auth: null,
76 verbose parsed url   host: null,
76 verbose parsed url   port: null,
76 verbose parsed url   hostname: null,
76 verbose parsed url   hash: null,
76 verbose parsed url   search: null,
76 verbose parsed url   query: null,
76 verbose parsed url   pathname: 'tslint@%5E3.15.1',
76 verbose parsed url   path: 'tslint@%5E3.15.1',
76 verbose parsed url   href: 'tslint@%5E3.15.1' }
77 verbose cache add name="tslint" spec="^3.15.1" args=["tslint","^3.15.1"]
78 verbose parsed url Url {
78 verbose parsed url   protocol: null,
78 verbose parsed url   slashes: null,
78 verbose parsed url   auth: null,
78 verbose parsed url   host: null,
78 verbose parsed url   port: null,
78 verbose parsed url   hostname: null,
78 verbose parsed url   hash: null,
78 verbose parsed url   search: null,
78 verbose parsed url   query: null,
78 verbose parsed url   pathname: '%5E3.15.1',
78 verbose parsed url   path: '%5E3.15.1',
78 verbose parsed url   href: '%5E3.15.1' }
79 verbose addNamed [ 'tslint', '^3.15.1' ]
80 verbose addNamed [ null, '>=3.15.1-0 <4.0.0-0' ]
81 verbose cache add [ 'lodash@^4.16.4', null ]
82 verbose cache add name=undefined spec="lodash@^4.16.4" args=["lodash@^4.16.4",null]
83 verbose parsed url Url {
83 verbose parsed url   protocol: null,
83 verbose parsed url   slashes: null,
83 verbose parsed url   auth: null,
83 verbose parsed url   host: null,
83 verbose parsed url   port: null,
83 verbose parsed url   hostname: null,
83 verbose parsed url   hash: null,
83 verbose parsed url   search: null,
83 verbose parsed url   query: null,
83 verbose parsed url   pathname: 'lodash@%5E4.16.4',
83 verbose parsed url   path: 'lodash@%5E4.16.4',
83 verbose parsed url   href: 'lodash@%5E4.16.4' }
84 verbose cache add name="lodash" spec="^4.16.4" args=["lodash","^4.16.4"]
85 verbose parsed url Url {
85 verbose parsed url   protocol: null,
85 verbose parsed url   slashes: null,
85 verbose parsed url   auth: null,
85 verbose parsed url   host: null,
85 verbose parsed url   port: null,
85 verbose parsed url   hostname: null,
85 verbose parsed url   hash: null,
85 verbose parsed url   search: null,
85 verbose parsed url   query: null,
85 verbose parsed url   pathname: '%5E4.16.4',
85 verbose parsed url   path: '%5E4.16.4',
85 verbose parsed url   href: '%5E4.16.4' }
86 verbose addNamed [ 'lodash', '^4.16.4' ]
87 verbose addNamed [ null, '>=4.16.4-0 <5.0.0-0' ]
88 verbose cache add [ 'jasmine-core@~2.4.1', null ]
89 verbose cache add name=undefined spec="jasmine-core@~2.4.1" args=["jasmine-core@~2.4.1",null]
90 verbose parsed url Url {
90 verbose parsed url   protocol: null,
90 verbose parsed url   slashes: null,
90 verbose parsed url   auth: null,
90 verbose parsed url   host: null,
90 verbose parsed url   port: null,
90 verbose parsed url   hostname: null,
90 verbose parsed url   hash: null,
90 verbose parsed url   search: null,
90 verbose parsed url   query: null,
90 verbose parsed url   pathname: 'jasmine-core@~2.4.1',
90 verbose parsed url   path: 'jasmine-core@~2.4.1',
90 verbose parsed url   href: 'jasmine-core@~2.4.1' }
91 verbose cache add name="jasmine-core" spec="~2.4.1" args=["jasmine-core","~2.4.1"]
92 verbose parsed url Url {
92 verbose parsed url   protocol: null,
92 verbose parsed url   slashes: null,
92 verbose parsed url   auth: null,
92 verbose parsed url   host: null,
92 verbose parsed url   port: null,
92 verbose parsed url   hostname: null,
92 verbose parsed url   hash: null,
92 verbose parsed url   search: null,
92 verbose parsed url   query: null,
92 verbose parsed url   pathname: '~2.4.1',
92 verbose parsed url   path: '~2.4.1',
92 verbose parsed url   href: '~2.4.1' }
93 verbose addNamed [ 'jasmine-core', '~2.4.1' ]
94 verbose addNamed [ null, '>=2.4.1-0 <2.5.0-0' ]
95 verbose cache add [ 'karma@^1.3.0', null ]
96 verbose cache add name=undefined spec="karma@^1.3.0" args=["karma@^1.3.0",null]
97 verbose parsed url Url {
97 verbose parsed url   protocol: null,
97 verbose parsed url   slashes: null,
97 verbose parsed url   auth: null,
97 verbose parsed url   host: null,
97 verbose parsed url   port: null,
97 verbose parsed url   hostname: null,
97 verbose parsed url   hash: null,
97 verbose parsed url   search: null,
97 verbose parsed url   query: null,
97 verbose parsed url   pathname: 'karma@%5E1.3.0',
97 verbose parsed url   path: 'karma@%5E1.3.0',
97 verbose parsed url   href: 'karma@%5E1.3.0' }
98 verbose cache add name="karma" spec="^1.3.0" args=["karma","^1.3.0"]
99 verbose parsed url Url {
99 verbose parsed url   protocol: null,
99 verbose parsed url   slashes: null,
99 verbose parsed url   auth: null,
99 verbose parsed url   host: null,
99 verbose parsed url   port: null,
99 verbose parsed url   hostname: null,
99 verbose parsed url   hash: null,
99 verbose parsed url   search: null,
99 verbose parsed url   query: null,
99 verbose parsed url   pathname: '%5E1.3.0',
99 verbose parsed url   path: '%5E1.3.0',
99 verbose parsed url   href: '%5E1.3.0' }
100 verbose addNamed [ 'karma', '^1.3.0' ]
101 verbose addNamed [ null, '>=1.3.0-0 <2.0.0-0' ]
102 verbose cache add [ 'karma-chrome-launcher@^2.0.0', null ]
103 verbose cache add name=undefined spec="karma-chrome-launcher@^2.0.0" args=["karma-chrome-launcher@^2.0.0",null]
104 verbose parsed url Url {
104 verbose parsed url   protocol: null,
104 verbose parsed url   slashes: null,
104 verbose parsed url   auth: null,
104 verbose parsed url   host: null,
104 verbose parsed url   port: null,
104 verbose parsed url   hostname: null,
104 verbose parsed url   hash: null,
104 verbose parsed url   search: null,
104 verbose parsed url   query: null,
104 verbose parsed url   pathname: 'karma-chrome-launcher@%5E2.0.0',
104 verbose parsed url   path: 'karma-chrome-launcher@%5E2.0.0',
104 verbose parsed url   href: 'karma-chrome-launcher@%5E2.0.0' }
105 verbose cache add name="karma-chrome-launcher" spec="^2.0.0" args=["karma-chrome-launcher","^2.0.0"]
106 verbose parsed url Url {
106 verbose parsed url   protocol: null,
106 verbose parsed url   slashes: null,
106 verbose parsed url   auth: null,
106 verbose parsed url   host: null,
106 verbose parsed url   port: null,
106 verbose parsed url   hostname: null,
106 verbose parsed url   hash: null,
106 verbose parsed url   search: null,
106 verbose parsed url   query: null,
106 verbose parsed url   pathname: '%5E2.0.0',
106 verbose parsed url   path: '%5E2.0.0',
106 verbose parsed url   href: '%5E2.0.0' }
107 verbose addNamed [ 'karma-chrome-launcher', '^2.0.0' ]
108 verbose addNamed [ null, '>=2.0.0-0 <3.0.0-0' ]
109 verbose cache add [ 'karma-cli@^1.0.1', null ]
110 verbose cache add name=undefined spec="karma-cli@^1.0.1" args=["karma-cli@^1.0.1",null]
111 verbose parsed url Url {
111 verbose parsed url   protocol: null,
111 verbose parsed url   slashes: null,
111 verbose parsed url   auth: null,
111 verbose parsed url   host: null,
111 verbose parsed url   port: null,
111 verbose parsed url   hostname: null,
111 verbose parsed url   hash: null,
111 verbose parsed url   search: null,
111 verbose parsed url   query: null,
111 verbose parsed url   pathname: 'karma-cli@%5E1.0.1',
111 verbose parsed url   path: 'karma-cli@%5E1.0.1',
111 verbose parsed url   href: 'karma-cli@%5E1.0.1' }
112 verbose cache add name="karma-cli" spec="^1.0.1" args=["karma-cli","^1.0.1"]
113 verbose parsed url Url {
113 verbose parsed url   protocol: null,
113 verbose parsed url   slashes: null,
113 verbose parsed url   auth: null,
113 verbose parsed url   host: null,
113 verbose parsed url   port: null,
113 verbose parsed url   hostname: null,
113 verbose parsed url   hash: null,
113 verbose parsed url   search: null,
113 verbose parsed url   query: null,
113 verbose parsed url   pathname: '%5E1.0.1',
113 verbose parsed url   path: '%5E1.0.1',
113 verbose parsed url   href: '%5E1.0.1' }
114 verbose addNamed [ 'karma-cli', '^1.0.1' ]
115 verbose addNamed [ null, '>=1.0.1-0 <2.0.0-0' ]
116 verbose cache add [ 'karma-jasmine@^1.0.2', null ]
117 verbose cache add name=undefined spec="karma-jasmine@^1.0.2" args=["karma-jasmine@^1.0.2",null]
118 verbose parsed url Url {
118 verbose parsed url   protocol: null,
118 verbose parsed url   slashes: null,
118 verbose parsed url   auth: null,
118 verbose parsed url   host: null,
118 verbose parsed url   port: null,
118 verbose parsed url   hostname: null,
118 verbose parsed url   hash: null,
118 verbose parsed url   search: null,
118 verbose parsed url   query: null,
118 verbose parsed url   pathname: 'karma-jasmine@%5E1.0.2',
118 verbose parsed url   path: 'karma-jasmine@%5E1.0.2',
118 verbose parsed url   href: 'karma-jasmine@%5E1.0.2' }
119 verbose cache add name="karma-jasmine" spec="^1.0.2" args=["karma-jasmine","^1.0.2"]
120 verbose parsed url Url {
120 verbose parsed url   protocol: null,
120 verbose parsed url   slashes: null,
120 verbose parsed url   auth: null,
120 verbose parsed url   host: null,
120 verbose parsed url   port: null,
120 verbose parsed url   hostname: null,
120 verbose parsed url   hash: null,
120 verbose parsed url   search: null,
120 verbose parsed url   query: null,
120 verbose parsed url   pathname: '%5E1.0.2',
120 verbose parsed url   path: '%5E1.0.2',
120 verbose parsed url   href: '%5E1.0.2' }
121 verbose addNamed [ 'karma-jasmine', '^1.0.2' ]
122 verbose addNamed [ null, '>=1.0.2-0 <2.0.0-0' ]
123 verbose cache add [ 'karma-jasmine-html-reporter@^0.2.2', null ]
124 verbose cache add name=undefined spec="karma-jasmine-html-reporter@^0.2.2" args=["karma-jasmine-html-reporter@^0.2.2",null]
125 verbose parsed url Url {
125 verbose parsed url   protocol: null,
125 verbose parsed url   slashes: null,
125 verbose parsed url   auth: null,
125 verbose parsed url   host: null,
125 verbose parsed url   port: null,
125 verbose parsed url   hostname: null,
125 verbose parsed url   hash: null,
125 verbose parsed url   search: null,
125 verbose parsed url   query: null,
125 verbose parsed url   pathname: 'karma-jasmine-html-reporter@%5E0.2.2',
125 verbose parsed url   path: 'karma-jasmine-html-reporter@%5E0.2.2',
125 verbose parsed url   href: 'karma-jasmine-html-reporter@%5E0.2.2' }
126 verbose cache add name="karma-jasmine-html-reporter" spec="^0.2.2" args=["karma-jasmine-html-reporter","^0.2.2"]
127 verbose parsed url Url {
127 verbose parsed url   protocol: null,
127 verbose parsed url   slashes: null,
127 verbose parsed url   auth: null,
127 verbose parsed url   host: null,
127 verbose parsed url   port: null,
127 verbose parsed url   hostname: null,
127 verbose parsed url   hash: null,
127 verbose parsed url   search: null,
127 verbose parsed url   query: null,
127 verbose parsed url   pathname: '%5E0.2.2',
127 verbose parsed url   path: '%5E0.2.2',
127 verbose parsed url   href: '%5E0.2.2' }
128 verbose addNamed [ 'karma-jasmine-html-reporter', '^0.2.2' ]
129 verbose addNamed [ null, '>=0.2.2-0 <0.3.0-0' ]
130 verbose cache add [ 'protractor@~4.0.14', null ]
131 verbose cache add name=undefined spec="protractor@~4.0.14" args=["protractor@~4.0.14",null]
132 verbose parsed url Url {
132 verbose parsed url   protocol: null,
132 verbose parsed url   slashes: null,
132 verbose parsed url   auth: null,
132 verbose parsed url   host: null,
132 verbose parsed url   port: null,
132 verbose parsed url   hostname: null,
132 verbose parsed url   hash: null,
132 verbose parsed url   search: null,
132 verbose parsed url   query: null,
132 verbose parsed url   pathname: 'protractor@~4.0.14',
132 verbose parsed url   path: 'protractor@~4.0.14',
132 verbose parsed url   href: 'protractor@~4.0.14' }
133 verbose cache add name="protractor" spec="~4.0.14" args=["protractor","~4.0.14"]
134 verbose parsed url Url {
134 verbose parsed url   protocol: null,
134 verbose parsed url   slashes: null,
134 verbose parsed url   auth: null,
134 verbose parsed url   host: null,
134 verbose parsed url   port: null,
134 verbose parsed url   hostname: null,
134 verbose parsed url   hash: null,
134 verbose parsed url   search: null,
134 verbose parsed url   query: null,
134 verbose parsed url   pathname: '~4.0.14',
134 verbose parsed url   path: '~4.0.14',
134 verbose parsed url   href: '~4.0.14' }
135 verbose addNamed [ 'protractor', '~4.0.14' ]
136 verbose addNamed [ null, '>=4.0.14-0 <4.1.0-0' ]
137 verbose cache add [ 'rimraf@^2.5.4', null ]
138 verbose cache add name=undefined spec="rimraf@^2.5.4" args=["rimraf@^2.5.4",null]
139 verbose parsed url Url {
139 verbose parsed url   protocol: null,
139 verbose parsed url   slashes: null,
139 verbose parsed url   auth: null,
139 verbose parsed url   host: null,
139 verbose parsed url   port: null,
139 verbose parsed url   hostname: null,
139 verbose parsed url   hash: null,
139 verbose parsed url   search: null,
139 verbose parsed url   query: null,
139 verbose parsed url   pathname: 'rimraf@%5E2.5.4',
139 verbose parsed url   path: 'rimraf@%5E2.5.4',
139 verbose parsed url   href: 'rimraf@%5E2.5.4' }
140 verbose cache add name="rimraf" spec="^2.5.4" args=["rimraf","^2.5.4"]
141 verbose parsed url Url {
141 verbose parsed url   protocol: null,
141 verbose parsed url   slashes: null,
141 verbose parsed url   auth: null,
141 verbose parsed url   host: null,
141 verbose parsed url   port: null,
141 verbose parsed url   hostname: null,
141 verbose parsed url   hash: null,
141 verbose parsed url   search: null,
141 verbose parsed url   query: null,
141 verbose parsed url   pathname: '%5E2.5.4',
141 verbose parsed url   path: '%5E2.5.4',
141 verbose parsed url   href: '%5E2.5.4' }
142 verbose addNamed [ 'rimraf', '^2.5.4' ]
143 verbose addNamed [ null, '>=2.5.4-0 <3.0.0-0' ]
144 verbose cache add [ '@types/node@^6.0.46', null ]
145 verbose cache add name=undefined spec="@types/node@^6.0.46" args=["@types/node@^6.0.46",null]
146 verbose parsed url Url {
146 verbose parsed url   protocol: null,
146 verbose parsed url   slashes: null,
146 verbose parsed url   auth: null,
146 verbose parsed url   host: null,
146 verbose parsed url   port: null,
146 verbose parsed url   hostname: null,
146 verbose parsed url   hash: null,
146 verbose parsed url   search: null,
146 verbose parsed url   query: null,
146 verbose parsed url   pathname: '@types/node@%5E6.0.46',
146 verbose parsed url   path: '@types/node@%5E6.0.46',
146 verbose parsed url   href: '@types/node@%5E6.0.46' }
147 verbose cache add [ '@types/jasmine@2.5.36', null ]
148 verbose cache add name=undefined spec="@types/jasmine@2.5.36" args=["@types/jasmine@2.5.36",null]
149 verbose parsed url Url {
149 verbose parsed url   protocol: null,
149 verbose parsed url   slashes: null,
149 verbose parsed url   auth: null,
149 verbose parsed url   host: null,
149 verbose parsed url   port: null,
149 verbose parsed url   hostname: null,
149 verbose parsed url   hash: null,
149 verbose parsed url   search: null,
149 verbose parsed url   query: null,
149 verbose parsed url   pathname: '@types/jasmine@2.5.36',
149 verbose parsed url   path: '@types/jasmine@2.5.36',
149 verbose parsed url   href: '@types/jasmine@2.5.36' }
150 verbose cache add [ '@angular/common@~4.3.4', null ]
151 verbose cache add name=undefined spec="@angular/common@~4.3.4" args=["@angular/common@~4.3.4",null]
152 verbose parsed url Url {
152 verbose parsed url   protocol: null,
152 verbose parsed url   slashes: null,
152 verbose parsed url   auth: null,
152 verbose parsed url   host: null,
152 verbose parsed url   port: null,
152 verbose parsed url   hostname: null,
152 verbose parsed url   hash: null,
152 verbose parsed url   search: null,
152 verbose parsed url   query: null,
152 verbose parsed url   pathname: '@angular/common@~4.3.4',
152 verbose parsed url   path: '@angular/common@~4.3.4',
152 verbose parsed url   href: '@angular/common@~4.3.4' }
153 verbose cache add [ '@angular/compiler@~4.3.4', null ]
154 verbose cache add name=undefined spec="@angular/compiler@~4.3.4" args=["@angular/compiler@~4.3.4",null]
155 verbose parsed url Url {
155 verbose parsed url   protocol: null,
155 verbose parsed url   slashes: null,
155 verbose parsed url   auth: null,
155 verbose parsed url   host: null,
155 verbose parsed url   port: null,
155 verbose parsed url   hostname: null,
155 verbose parsed url   hash: null,
155 verbose parsed url   search: null,
155 verbose parsed url   query: null,
155 verbose parsed url   pathname: '@angular/compiler@~4.3.4',
155 verbose parsed url   path: '@angular/compiler@~4.3.4',
155 verbose parsed url   href: '@angular/compiler@~4.3.4' }
156 verbose cache add [ '@angular/core@~4.3.4', null ]
157 verbose cache add name=undefined spec="@angular/core@~4.3.4" args=["@angular/core@~4.3.4",null]
158 verbose parsed url Url {
158 verbose parsed url   protocol: null,
158 verbose parsed url   slashes: null,
158 verbose parsed url   auth: null,
158 verbose parsed url   host: null,
158 verbose parsed url   port: null,
158 verbose parsed url   hostname: null,
158 verbose parsed url   hash: null,
158 verbose parsed url   search: null,
158 verbose parsed url   query: null,
158 verbose parsed url   pathname: '@angular/core@~4.3.4',
158 verbose parsed url   path: '@angular/core@~4.3.4',
158 verbose parsed url   href: '@angular/core@~4.3.4' }
159 verbose cache add [ '@angular/forms@~4.3.4', null ]
160 verbose cache add name=undefined spec="@angular/forms@~4.3.4" args=["@angular/forms@~4.3.4",null]
161 verbose parsed url Url {
161 verbose parsed url   protocol: null,
161 verbose parsed url   slashes: null,
161 verbose parsed url   auth: null,
161 verbose parsed url   host: null,
161 verbose parsed url   port: null,
161 verbose parsed url   hostname: null,
161 verbose parsed url   hash: null,
161 verbose parsed url   search: null,
161 verbose parsed url   query: null,
161 verbose parsed url   pathname: '@angular/forms@~4.3.4',
161 verbose parsed url   path: '@angular/forms@~4.3.4',
161 verbose parsed url   href: '@angular/forms@~4.3.4' }
162 verbose cache add [ '@angular/http@~4.3.4', null ]
163 verbose cache add name=undefined spec="@angular/http@~4.3.4" args=["@angular/http@~4.3.4",null]
164 verbose parsed url Url {
164 verbose parsed url   protocol: null,
164 verbose parsed url   slashes: null,
164 verbose parsed url   auth: null,
164 verbose parsed url   host: null,
164 verbose parsed url   port: null,
164 verbose parsed url   hostname: null,
164 verbose parsed url   hash: null,
164 verbose parsed url   search: null,
164 verbose parsed url   query: null,
164 verbose parsed url   pathname: '@angular/http@~4.3.4',
164 verbose parsed url   path: '@angular/http@~4.3.4',
164 verbose parsed url   href: '@angular/http@~4.3.4' }
165 verbose cache add [ '@angular/platform-browser@~4.3.4', null ]
166 verbose cache add name=undefined spec="@angular/platform-browser@~4.3.4" args=["@angular/platform-browser@~4.3.4",null]
167 verbose parsed url Url {
167 verbose parsed url   protocol: null,
167 verbose parsed url   slashes: null,
167 verbose parsed url   auth: null,
167 verbose parsed url   host: null,
167 verbose parsed url   port: null,
167 verbose parsed url   hostname: null,
167 verbose parsed url   hash: null,
167 verbose parsed url   search: null,
167 verbose parsed url   query: null,
167 verbose parsed url   pathname: '@angular/platform-browser@~4.3.4',
167 verbose parsed url   path: '@angular/platform-browser@~4.3.4',
167 verbose parsed url   href: '@angular/platform-browser@~4.3.4' }
168 verbose cache add [ '@angular/platform-browser-dynamic@~4.3.4', null ]
169 verbose cache add name=undefined spec="@angular/platform-browser-dynamic@~4.3.4" args=["@angular/platform-browser-dynamic@~4.3.4",null]
170 verbose parsed url Url {
170 verbose parsed url   protocol: null,
170 verbose parsed url   slashes: null,
170 verbose parsed url   auth: null,
170 verbose parsed url   host: null,
170 verbose parsed url   port: null,
170 verbose parsed url   hostname: null,
170 verbose parsed url   hash: null,
170 verbose parsed url   search: null,
170 verbose parsed url   query: null,
170 verbose parsed url   pathname: '@angular/platform-browser-dynamic@~4.3.4',
170 verbose parsed url   path: '@angular/platform-browser-dynamic@~4.3.4',
170 verbose parsed url   href: '@angular/platform-browser-dynamic@~4.3.4' }
171 verbose cache add name="" spec="angular/router@~4.3.4" args=["","angular/router@~4.3.4"]
172 verbose parsed url Url {
172 verbose parsed url   protocol: null,
172 verbose parsed url   slashes: null,
172 verbose parsed url   auth: null,
172 verbose parsed url   host: null,
172 verbose parsed url   port: null,
172 verbose parsed url   hostname: null,
172 verbose parsed url   hash: null,
172 verbose parsed url   search: null,
172 verbose parsed url   query: null,
172 verbose parsed url   pathname: 'angular/router@~4.3.4',
172 verbose parsed url   path: 'angular/router@~4.3.4',
172 verbose parsed url   href: 'angular/router@~4.3.4' }
173 silly lockFile d3f0a9ea-angular-in-memory-web-api-0-3-0 angular-in-memory-web-api@~0.3.0
174 verbose lock angular-in-memory-web-api@~0.3.0 C:\Users\keith\AppData\Roaming\npm-cache\d3f0a9ea-angular-in-memory-web-api-0-3-0.lock
175 silly lockFile 3e0c489d-systemjs-0-19-40 systemjs@0.19.40
176 verbose lock systemjs@0.19.40 C:\Users\keith\AppData\Roaming\npm-cache\3e0c489d-systemjs-0-19-40.lock
177 silly lockFile a299e77f-core-js-2-4-1 core-js@^2.4.1
178 verbose lock core-js@^2.4.1 C:\Users\keith\AppData\Roaming\npm-cache\a299e77f-core-js-2-4-1.lock
179 silly lockFile 44c4a22f-rxjs-5-0-1 rxjs@5.0.1
180 verbose lock rxjs@5.0.1 C:\Users\keith\AppData\Roaming\npm-cache\44c4a22f-rxjs-5-0-1.lock
181 silly lockFile 68531c11-zone-js-0-8-4 zone.js@^0.8.4
182 verbose lock zone.js@^0.8.4 C:\Users\keith\AppData\Roaming\npm-cache\68531c11-zone-js-0-8-4.lock
183 silly lockFile 8da64622-concurrently-3-2-0 concurrently@^3.2.0
184 verbose lock concurrently@^3.2.0 C:\Users\keith\AppData\Roaming\npm-cache\8da64622-concurrently-3-2-0.lock
185 silly lockFile d52e2048-lite-server-2-2-2 lite-server@^2.2.2
186 verbose lock lite-server@^2.2.2 C:\Users\keith\AppData\Roaming\npm-cache\d52e2048-lite-server-2-2-2.lock
187 silly lockFile 691774ff-typescript-2-1-0 typescript@~2.1.0
188 verbose lock typescript@~2.1.0 C:\Users\keith\AppData\Roaming\npm-cache\691774ff-typescript-2-1-0.lock
189 silly lockFile 59212999-canonical-path-0-0-2 canonical-path@0.0.2
190 verbose lock canonical-path@0.0.2 C:\Users\keith\AppData\Roaming\npm-cache\59212999-canonical-path-0-0-2.lock
191 silly lockFile 960849b8-tslint-3-15-1 tslint@^3.15.1
192 verbose lock tslint@^3.15.1 C:\Users\keith\AppData\Roaming\npm-cache\960849b8-tslint-3-15-1.lock
193 silly lockFile 92180a76-lodash-4-16-4 lodash@^4.16.4
194 verbose lock lodash@^4.16.4 C:\Users\keith\AppData\Roaming\npm-cache\92180a76-lodash-4-16-4.lock
195 silly lockFile 5ba7ae0b-jasmine-core-2-4-1 jasmine-core@~2.4.1
196 verbose lock jasmine-core@~2.4.1 C:\Users\keith\AppData\Roaming\npm-cache\5ba7ae0b-jasmine-core-2-4-1.lock
197 silly lockFile a3bdc13e-karma-1-3-0 karma@^1.3.0
198 verbose lock karma@^1.3.0 C:\Users\keith\AppData\Roaming\npm-cache\a3bdc13e-karma-1-3-0.lock
199 silly lockFile fddf7d4e-karma-chrome-launcher-2-0-0 karma-chrome-launcher@^2.0.0
200 verbose lock karma-chrome-launcher@^2.0.0 C:\Users\keith\AppData\Roaming\npm-cache\fddf7d4e-karma-chrome-launcher-2-0-0.lock
201 silly lockFile cbcd5211-karma-cli-1-0-1 karma-cli@^1.0.1
202 verbose lock karma-cli@^1.0.1 C:\Users\keith\AppData\Roaming\npm-cache\cbcd5211-karma-cli-1-0-1.lock
203 silly lockFile e7082352-karma-jasmine-1-0-2 karma-jasmine@^1.0.2
204 verbose lock karma-jasmine@^1.0.2 C:\Users\keith\AppData\Roaming\npm-cache\e7082352-karma-jasmine-1-0-2.lock
205 silly lockFile abcf8253-arma-jasmine-html-reporter-0-2-2 karma-jasmine-html-reporter@^0.2.2
206 verbose lock karma-jasmine-html-reporter@^0.2.2 C:\Users\keith\AppData\Roaming\npm-cache\abcf8253-arma-jasmine-html-reporter-0-2-2.lock
207 silly lockFile 435f25c9-protractor-4-0-14 protractor@~4.0.14
208 verbose lock protractor@~4.0.14 C:\Users\keith\AppData\Roaming\npm-cache\435f25c9-protractor-4-0-14.lock
209 silly lockFile 10f74622-rimraf-2-5-4 rimraf@^2.5.4
210 verbose lock rimraf@^2.5.4 C:\Users\keith\AppData\Roaming\npm-cache\10f74622-rimraf-2-5-4.lock
211 verbose cache add name="" spec="types/node@^6.0.46" args=["","types/node@^6.0.46"]
212 verbose parsed url Url {
212 verbose parsed url   protocol: null,
212 verbose parsed url   slashes: null,
212 verbose parsed url   auth: null,
212 verbose parsed url   host: null,
212 verbose parsed url   port: null,
212 verbose parsed url   hostname: null,
212 verbose parsed url   hash: null,
212 verbose parsed url   search: null,
212 verbose parsed url   query: null,
212 verbose parsed url   pathname: 'types/node@%5E6.0.46',
212 verbose parsed url   path: 'types/node@%5E6.0.46',
212 verbose parsed url   href: 'types/node@%5E6.0.46' }
213 verbose cache add name="" spec="types/jasmine@2.5.36" args=["","types/jasmine@2.5.36"]
214 verbose parsed url Url {
214 verbose parsed url   protocol: null,
214 verbose parsed url   slashes: null,
214 verbose parsed url   auth: null,
214 verbose parsed url   host: null,
214 verbose parsed url   port: null,
214 verbose parsed url   hostname: null,
214 verbose parsed url   hash: null,
214 verbose parsed url   search: null,
214 verbose parsed url   query: null,
214 verbose parsed url   pathname: 'types/jasmine@2.5.36',
214 verbose parsed url   path: 'types/jasmine@2.5.36',
214 verbose parsed url   href: 'types/jasmine@2.5.36' }
215 verbose cache add name="" spec="angular/common@~4.3.4" args=["","angular/common@~4.3.4"]
216 verbose parsed url Url {
216 verbose parsed url   protocol: null,
216 verbose parsed url   slashes: null,
216 verbose parsed url   auth: null,
216 verbose parsed url   host: null,
216 verbose parsed url   port: null,
216 verbose parsed url   hostname: null,
216 verbose parsed url   hash: null,
216 verbose parsed url   search: null,
216 verbose parsed url   query: null,
216 verbose parsed url   pathname: 'angular/common@~4.3.4',
216 verbose parsed url   path: 'angular/common@~4.3.4',
216 verbose parsed url   href: 'angular/common@~4.3.4' }
217 verbose cache add name="" spec="angular/compiler@~4.3.4" args=["","angular/compiler@~4.3.4"]
218 verbose parsed url Url {
218 verbose parsed url   protocol: null,
218 verbose parsed url   slashes: null,
218 verbose parsed url   auth: null,
218 verbose parsed url   host: null,
218 verbose parsed url   port: null,
218 verbose parsed url   hostname: null,
218 verbose parsed url   hash: null,
218 verbose parsed url   search: null,
218 verbose parsed url   query: null,
218 verbose parsed url   pathname: 'angular/compiler@~4.3.4',
218 verbose parsed url   path: 'angular/compiler@~4.3.4',
218 verbose parsed url   href: 'angular/compiler@~4.3.4' }
219 verbose cache add name="" spec="angular/core@~4.3.4" args=["","angular/core@~4.3.4"]
220 verbose parsed url Url {
220 verbose parsed url   protocol: null,
220 verbose parsed url   slashes: null,
220 verbose parsed url   auth: null,
220 verbose parsed url   host: null,
220 verbose parsed url   port: null,
220 verbose parsed url   hostname: null,
220 verbose parsed url   hash: null,
220 verbose parsed url   search: null,
220 verbose parsed url   query: null,
220 verbose parsed url   pathname: 'angular/core@~4.3.4',
220 verbose parsed url   path: 'angular/core@~4.3.4',
220 verbose parsed url   href: 'angular/core@~4.3.4' }
221 verbose cache add name="" spec="angular/forms@~4.3.4" args=["","angular/forms@~4.3.4"]
222 verbose parsed url Url {
222 verbose parsed url   protocol: null,
222 verbose parsed url   slashes: null,
222 verbose parsed url   auth: null,
222 verbose parsed url   host: null,
222 verbose parsed url   port: null,
222 verbose parsed url   hostname: null,
222 verbose parsed url   hash: null,
222 verbose parsed url   search: null,
222 verbose parsed url   query: null,
222 verbose parsed url   pathname: 'angular/forms@~4.3.4',
222 verbose parsed url   path: 'angular/forms@~4.3.4',
222 verbose parsed url   href: 'angular/forms@~4.3.4' }
223 verbose cache add name="" spec="angular/http@~4.3.4" args=["","angular/http@~4.3.4"]
224 verbose parsed url Url {
224 verbose parsed url   protocol: null,
224 verbose parsed url   slashes: null,
224 verbose parsed url   auth: null,
224 verbose parsed url   host: null,
224 verbose parsed url   port: null,
224 verbose parsed url   hostname: null,
224 verbose parsed url   hash: null,
224 verbose parsed url   search: null,
224 verbose parsed url   query: null,
224 verbose parsed url   pathname: 'angular/http@~4.3.4',
224 verbose parsed url   path: 'angular/http@~4.3.4',
224 verbose parsed url   href: 'angular/http@~4.3.4' }
225 verbose cache add name="" spec="angular/platform-browser@~4.3.4" args=["","angular/platform-browser@~4.3.4"]
226 verbose parsed url Url {
226 verbose parsed url   protocol: null,
226 verbose parsed url   slashes: null,
226 verbose parsed url   auth: null,
226 verbose parsed url   host: null,
226 verbose parsed url   port: null,
226 verbose parsed url   hostname: null,
226 verbose parsed url   hash: null,
226 verbose parsed url   search: null,
226 verbose parsed url   query: null,
226 verbose parsed url   pathname: 'angular/platform-browser@~4.3.4',
226 verbose parsed url   path: 'angular/platform-browser@~4.3.4',
226 verbose parsed url   href: 'angular/platform-browser@~4.3.4' }
227 verbose cache add name="" spec="angular/platform-browser-dynamic@~4.3.4" args=["","angular/platform-browser-dynamic@~4.3.4"]
228 verbose parsed url Url {
228 verbose parsed url   protocol: null,
228 verbose parsed url   slashes: null,
228 verbose parsed url   auth: null,
228 verbose parsed url   host: null,
228 verbose parsed url   port: null,
228 verbose parsed url   hostname: null,
228 verbose parsed url   hash: null,
228 verbose parsed url   search: null,
228 verbose parsed url   query: null,
228 verbose parsed url   pathname: 'angular/platform-browser-dynamic@~4.3.4',
228 verbose parsed url   path: 'angular/platform-browser-dynamic@~4.3.4',
228 verbose parsed url   href: 'angular/platform-browser-dynamic@~4.3.4' }
229 verbose cache add name="angular/router" spec="~4.3.4" args=["angular/router","~4.3.4"]
230 verbose parsed url Url {
230 verbose parsed url   protocol: null,
230 verbose parsed url   slashes: null,
230 verbose parsed url   auth: null,
230 verbose parsed url   host: null,
230 verbose parsed url   port: null,
230 verbose parsed url   hostname: null,
230 verbose parsed url   hash: null,
230 verbose parsed url   search: null,
230 verbose parsed url   query: null,
230 verbose parsed url   pathname: '~4.3.4',
230 verbose parsed url   path: '~4.3.4',
230 verbose parsed url   href: '~4.3.4' }
231 verbose addNamed [ 'angular/router', '~4.3.4' ]
232 verbose addNamed [ null, '>=4.3.4-0 <4.4.0-0' ]
233 silly lockFile e7ce246a-angular-router-4-3-4 angular/router@~4.3.4
234 verbose lock angular/router@~4.3.4 C:\Users\keith\AppData\Roaming\npm-cache\e7ce246a-angular-router-4-3-4.lock
235 verbose cache add name="types/node" spec="^6.0.46" args=["types/node","^6.0.46"]
236 verbose parsed url Url {
236 verbose parsed url   protocol: null,
236 verbose parsed url   slashes: null,
236 verbose parsed url   auth: null,
236 verbose parsed url   host: null,
236 verbose parsed url   port: null,
236 verbose parsed url   hostname: null,
236 verbose parsed url   hash: null,
236 verbose parsed url   search: null,
236 verbose parsed url   query: null,
236 verbose parsed url   pathname: '%5E6.0.46',
236 verbose parsed url   path: '%5E6.0.46',
236 verbose parsed url   href: '%5E6.0.46' }
237 verbose addNamed [ 'types/node', '^6.0.46' ]
238 verbose addNamed [ null, '>=6.0.46-0 <7.0.0-0' ]
239 silly lockFile 6c9f2269-types-node-6-0-46 types/node@^6.0.46
240 verbose lock types/node@^6.0.46 C:\Users\keith\AppData\Roaming\npm-cache\6c9f2269-types-node-6-0-46.lock
241 verbose cache add name="types/jasmine" spec="2.5.36" args=["types/jasmine","2.5.36"]
242 verbose parsed url Url {
242 verbose parsed url   protocol: null,
242 verbose parsed url   slashes: null,
242 verbose parsed url   auth: null,
242 verbose parsed url   host: null,
242 verbose parsed url   port: null,
242 verbose parsed url   hostname: null,
242 verbose parsed url   hash: null,
242 verbose parsed url   search: null,
242 verbose parsed url   query: null,
242 verbose parsed url   pathname: '2.5.36',
242 verbose parsed url   path: '2.5.36',
242 verbose parsed url   href: '2.5.36' }
243 verbose addNamed [ 'types/jasmine', '2.5.36' ]
244 verbose addNamed [ '2.5.36', '2.5.36' ]
245 silly lockFile 2f437af9-types-jasmine-2-5-36 types/jasmine@2.5.36
246 verbose lock types/jasmine@2.5.36 C:\Users\keith\AppData\Roaming\npm-cache\2f437af9-types-jasmine-2-5-36.lock
247 verbose cache add name="angular/common" spec="~4.3.4" args=["angular/common","~4.3.4"]
248 verbose parsed url Url {
248 verbose parsed url   protocol: null,
248 verbose parsed url   slashes: null,
248 verbose parsed url   auth: null,
248 verbose parsed url   host: null,
248 verbose parsed url   port: null,
248 verbose parsed url   hostname: null,
248 verbose parsed url   hash: null,
248 verbose parsed url   search: null,
248 verbose parsed url   query: null,
248 verbose parsed url   pathname: '~4.3.4',
248 verbose parsed url   path: '~4.3.4',
248 verbose parsed url   href: '~4.3.4' }
249 verbose addNamed [ 'angular/common', '~4.3.4' ]
250 verbose addNamed [ null, '>=4.3.4-0 <4.4.0-0' ]
251 silly lockFile 4b923d2b-angular-common-4-3-4 angular/common@~4.3.4
252 verbose lock angular/common@~4.3.4 C:\Users\keith\AppData\Roaming\npm-cache\4b923d2b-angular-common-4-3-4.lock
253 verbose cache add name="angular/compiler" spec="~4.3.4" args=["angular/compiler","~4.3.4"]
254 verbose parsed url Url {
254 verbose parsed url   protocol: null,
254 verbose parsed url   slashes: null,
254 verbose parsed url   auth: null,
254 verbose parsed url   host: null,
254 verbose parsed url   port: null,
254 verbose parsed url   hostname: null,
254 verbose parsed url   hash: null,
254 verbose parsed url   search: null,
254 verbose parsed url   query: null,
254 verbose parsed url   pathname: '~4.3.4',
254 verbose parsed url   path: '~4.3.4',
254 verbose parsed url   href: '~4.3.4' }
255 verbose addNamed [ 'angular/compiler', '~4.3.4' ]
256 verbose addNamed [ null, '>=4.3.4-0 <4.4.0-0' ]
257 silly lockFile 13274ba2-angular-compiler-4-3-4 angular/compiler@~4.3.4
258 verbose lock angular/compiler@~4.3.4 C:\Users\keith\AppData\Roaming\npm-cache\13274ba2-angular-compiler-4-3-4.lock
259 verbose cache add name="angular/core" spec="~4.3.4" args=["angular/core","~4.3.4"]
260 verbose parsed url Url {
260 verbose parsed url   protocol: null,
260 verbose parsed url   slashes: null,
260 verbose parsed url   auth: null,
260 verbose parsed url   host: null,
260 verbose parsed url   port: null,
260 verbose parsed url   hostname: null,
260 verbose parsed url   hash: null,
260 verbose parsed url   search: null,
260 verbose parsed url   query: null,
260 verbose parsed url   pathname: '~4.3.4',
260 verbose parsed url   path: '~4.3.4',
260 verbose parsed url   href: '~4.3.4' }
261 verbose addNamed [ 'angular/core', '~4.3.4' ]
262 verbose addNamed [ null, '>=4.3.4-0 <4.4.0-0' ]
263 silly lockFile 93b25bf6-angular-core-4-3-4 angular/core@~4.3.4
264 verbose lock angular/core@~4.3.4 C:\Users\keith\AppData\Roaming\npm-cache\93b25bf6-angular-core-4-3-4.lock
265 verbose cache add name="angular/forms" spec="~4.3.4" args=["angular/forms","~4.3.4"]
266 verbose parsed url Url {
266 verbose parsed url   protocol: null,
266 verbose parsed url   slashes: null,
266 verbose parsed url   auth: null,
266 verbose parsed url   host: null,
266 verbose parsed url   port: null,
266 verbose parsed url   hostname: null,
266 verbose parsed url   hash: null,
266 verbose parsed url   search: null,
266 verbose parsed url   query: null,
266 verbose parsed url   pathname: '~4.3.4',
266 verbose parsed url   path: '~4.3.4',
266 verbose parsed url   href: '~4.3.4' }
267 verbose addNamed [ 'angular/forms', '~4.3.4' ]
268 verbose addNamed [ null, '>=4.3.4-0 <4.4.0-0' ]
269 silly lockFile 0630fec7-angular-forms-4-3-4 angular/forms@~4.3.4
270 verbose lock angular/forms@~4.3.4 C:\Users\keith\AppData\Roaming\npm-cache\0630fec7-angular-forms-4-3-4.lock
271 verbose cache add name="angular/http" spec="~4.3.4" args=["angular/http","~4.3.4"]
272 verbose parsed url Url {
272 verbose parsed url   protocol: null,
272 verbose parsed url   slashes: null,
272 verbose parsed url   auth: null,
272 verbose parsed url   host: null,
272 verbose parsed url   port: null,
272 verbose parsed url   hostname: null,
272 verbose parsed url   hash: null,
272 verbose parsed url   search: null,
272 verbose parsed url   query: null,
272 verbose parsed url   pathname: '~4.3.4',
272 verbose parsed url   path: '~4.3.4',
272 verbose parsed url   href: '~4.3.4' }
273 verbose addNamed [ 'angular/http', '~4.3.4' ]
274 verbose addNamed [ null, '>=4.3.4-0 <4.4.0-0' ]
275 silly lockFile 32950c06-angular-http-4-3-4 angular/http@~4.3.4
276 verbose lock angular/http@~4.3.4 C:\Users\keith\AppData\Roaming\npm-cache\32950c06-angular-http-4-3-4.lock
277 verbose cache add name="angular/platform-browser" spec="~4.3.4" args=["angular/platform-browser","~4.3.4"]
278 verbose parsed url Url {
278 verbose parsed url   protocol: null,
278 verbose parsed url   slashes: null,
278 verbose parsed url   auth: null,
278 verbose parsed url   host: null,
278 verbose parsed url   port: null,
278 verbose parsed url   hostname: null,
278 verbose parsed url   hash: null,
278 verbose parsed url   search: null,
278 verbose parsed url   query: null,
278 verbose parsed url   pathname: '~4.3.4',
278 verbose parsed url   path: '~4.3.4',
278 verbose parsed url   href: '~4.3.4' }
279 verbose addNamed [ 'angular/platform-browser', '~4.3.4' ]
280 verbose addNamed [ null, '>=4.3.4-0 <4.4.0-0' ]
281 silly lockFile 9d81216e-angular-platform-browser-4-3-4 angular/platform-browser@~4.3.4
282 verbose lock angular/platform-browser@~4.3.4 C:\Users\keith\AppData\Roaming\npm-cache\9d81216e-angular-platform-browser-4-3-4.lock
283 verbose cache add name="angular/platform-browser-dynamic" spec="~4.3.4" args=["angular/platform-browser-dynamic","~4.3.4"]
284 verbose parsed url Url {
284 verbose parsed url   protocol: null,
284 verbose parsed url   slashes: null,
284 verbose parsed url   auth: null,
284 verbose parsed url   host: null,
284 verbose parsed url   port: null,
284 verbose parsed url   hostname: null,
284 verbose parsed url   hash: null,
284 verbose parsed url   search: null,
284 verbose parsed url   query: null,
284 verbose parsed url   pathname: '~4.3.4',
284 verbose parsed url   path: '~4.3.4',
284 verbose parsed url   href: '~4.3.4' }
285 verbose addNamed [ 'angular/platform-browser-dynamic', '~4.3.4' ]
286 verbose addNamed [ null, '>=4.3.4-0 <4.4.0-0' ]
287 silly lockFile ddabd868-r-platform-browser-dynamic-4-3-4 angular/platform-browser-dynamic@~4.3.4
288 verbose lock angular/platform-browser-dynamic@~4.3.4 C:\Users\keith\AppData\Roaming\npm-cache\ddabd868-r-platform-browser-dynamic-4-3-4.lock
289 silly addNameRange { name: 'angular-in-memory-web-api',
289 silly addNameRange   range: '>=0.3.0-0 <0.4.0-0',
289 silly addNameRange   hasData: false }
290 silly addNameRange { name: 'core-js', range: '>=2.4.1-0 <3.0.0-0', hasData: false }
291 silly addNameRange { name: 'zone.js', range: '>=0.8.4-0 <0.9.0-0', hasData: false }
292 silly addNameRange { name: 'concurrently',
292 silly addNameRange   range: '>=3.2.0-0 <4.0.0-0',
292 silly addNameRange   hasData: false }
293 silly addNameRange { name: 'lite-server',
293 silly addNameRange   range: '>=2.2.2-0 <3.0.0-0',
293 silly addNameRange   hasData: false }
294 silly addNameRange { name: 'typescript',
294 silly addNameRange   range: '>=2.1.0-0 <2.2.0-0',
294 silly addNameRange   hasData: false }
295 silly addNameRange { name: 'tslint', range: '>=3.15.1-0 <4.0.0-0', hasData: false }
296 silly addNameRange { name: 'lodash', range: '>=4.16.4-0 <5.0.0-0', hasData: false }
297 silly addNameRange { name: 'jasmine-core',
297 silly addNameRange   range: '>=2.4.1-0 <2.5.0-0',
297 silly addNameRange   hasData: false }
298 silly addNameRange { name: 'karma', range: '>=1.3.0-0 <2.0.0-0', hasData: false }
299 silly addNameRange { name: 'karma-chrome-launcher',
299 silly addNameRange   range: '>=2.0.0-0 <3.0.0-0',
299 silly addNameRange   hasData: false }
300 silly addNameRange { name: 'karma-cli',
300 silly addNameRange   range: '>=1.0.1-0 <2.0.0-0',
300 silly addNameRange   hasData: false }
301 silly addNameRange { name: 'karma-jasmine',
301 silly addNameRange   range: '>=1.0.2-0 <2.0.0-0',
301 silly addNameRange   hasData: false }
302 silly addNameRange { name: 'karma-jasmine-html-reporter',
302 silly addNameRange   range: '>=0.2.2-0 <0.3.0-0',
302 silly addNameRange   hasData: false }
303 silly addNameRange { name: 'protractor',
303 silly addNameRange   range: '>=4.0.14-0 <4.1.0-0',
303 silly addNameRange   hasData: false }
304 silly addNameRange { name: 'rimraf', range: '>=2.5.4-0 <3.0.0-0', hasData: false }
305 silly addNameRange { name: 'angular/router',
305 silly addNameRange   range: '>=4.3.4-0 <4.4.0-0',
305 silly addNameRange   hasData: false }
306 silly addNameRange { name: 'types/node',
306 silly addNameRange   range: '>=6.0.46-0 <7.0.0-0',
306 silly addNameRange   hasData: false }
307 silly addNameRange { name: 'angular/common',
307 silly addNameRange   range: '>=4.3.4-0 <4.4.0-0',
307 silly addNameRange   hasData: false }
308 silly addNameRange { name: 'angular/compiler',
308 silly addNameRange   range: '>=4.3.4-0 <4.4.0-0',
308 silly addNameRange   hasData: false }
309 silly addNameRange { name: 'angular/core',
309 silly addNameRange   range: '>=4.3.4-0 <4.4.0-0',
309 silly addNameRange   hasData: false }
310 silly addNameRange { name: 'angular/forms',
310 silly addNameRange   range: '>=4.3.4-0 <4.4.0-0',
310 silly addNameRange   hasData: false }
311 silly addNameRange { name: 'angular/http',
311 silly addNameRange   range: '>=4.3.4-0 <4.4.0-0',
311 silly addNameRange   hasData: false }
312 silly addNameRange { name: 'angular/platform-browser',
312 silly addNameRange   range: '>=4.3.4-0 <4.4.0-0',
312 silly addNameRange   hasData: false }
313 silly addNameRange { name: 'angular/platform-browser-dynamic',
313 silly addNameRange   range: '>=4.3.4-0 <4.4.0-0',
313 silly addNameRange   hasData: false }
314 verbose url raw angular-in-memory-web-api
315 verbose url resolving [ 'https://registry.npmjs.org/', './angular-in-memory-web-api' ]
316 verbose url resolved https://registry.npmjs.org/angular-in-memory-web-api
317 info trying registry request attempt 1 at 17:06:41
318 verbose etag "5a320d25-1dece"
319 http GET https://registry.npmjs.org/angular-in-memory-web-api
320 verbose url raw core-js
321 verbose url resolving [ 'https://registry.npmjs.org/', './core-js' ]
322 verbose url resolved https://registry.npmjs.org/core-js
323 info trying registry request attempt 1 at 17:06:41
324 verbose etag "5a3879d5-3ad55"
325 http GET https://registry.npmjs.org/core-js
326 verbose url raw rxjs
327 verbose url resolving [ 'https://registry.npmjs.org/', './rxjs' ]
328 verbose url resolved https://registry.npmjs.org/rxjs
329 info trying registry request attempt 1 at 17:06:41
330 verbose etag "5a4113b0-3d14f"
331 http GET https://registry.npmjs.org/rxjs
332 verbose url raw zone.js
333 verbose url resolving [ 'https://registry.npmjs.org/', './zone.js' ]
334 verbose url resolved https://registry.npmjs.org/zone.js
335 info trying registry request attempt 1 at 17:06:41
336 verbose etag "5a24d6f5-2cac2"
337 http GET https://registry.npmjs.org/zone.js
338 verbose url raw systemjs
339 verbose url resolving [ 'https://registry.npmjs.org/', './systemjs' ]
340 verbose url resolved https://registry.npmjs.org/systemjs
341 info trying registry request attempt 1 at 17:06:41
342 verbose etag "5a1b72d4-3b5b8"
343 http GET https://registry.npmjs.org/systemjs
344 verbose url raw concurrently
345 verbose url resolving [ 'https://registry.npmjs.org/', './concurrently' ]
346 verbose url resolved https://registry.npmjs.org/concurrently
347 info trying registry request attempt 1 at 17:06:41
348 verbose etag "5a332300-8fb1"
349 http GET https://registry.npmjs.org/concurrently
350 verbose url raw lite-server
351 verbose url resolving [ 'https://registry.npmjs.org/', './lite-server' ]
352 verbose url resolved https://registry.npmjs.org/lite-server
353 info trying registry request attempt 1 at 17:06:41
354 verbose etag "5a4076e4-7566"
355 http GET https://registry.npmjs.org/lite-server
356 verbose url raw typescript
357 verbose url resolving [ 'https://registry.npmjs.org/', './typescript' ]
358 verbose url resolved https://registry.npmjs.org/typescript
359 info trying registry request attempt 1 at 17:06:41
360 verbose etag "5a41e94c-20d56a"
361 http GET https://registry.npmjs.org/typescript
362 verbose url raw canonical-path
363 verbose url resolving [ 'https://registry.npmjs.org/', './canonical-path' ]
364 verbose url resolved https://registry.npmjs.org/canonical-path
365 info trying registry request attempt 1 at 17:06:41
366 verbose etag "52b36519-11d0"
367 http GET https://registry.npmjs.org/canonical-path
368 verbose url raw tslint
369 verbose url resolving [ 'https://registry.npmjs.org/', './tslint' ]
370 verbose url resolved https://registry.npmjs.org/tslint
371 info trying registry request attempt 1 at 17:06:41
372 verbose etag "5a41c17c-4c224"
373 http GET https://registry.npmjs.org/tslint
374 verbose url raw jasmine-core
375 verbose url resolving [ 'https://registry.npmjs.org/', './jasmine-core' ]
376 verbose url resolved https://registry.npmjs.org/jasmine-core
377 info trying registry request attempt 1 at 17:06:41
378 verbose etag "5a24d784-91c3"
379 http GET https://registry.npmjs.org/jasmine-core
380 verbose url raw lodash
381 verbose url resolving [ 'https://registry.npmjs.org/', './lodash' ]
382 verbose url resolved https://registry.npmjs.org/lodash
383 info trying registry request attempt 1 at 17:06:41
384 verbose etag "5a41c365-2a830"
385 http GET https://registry.npmjs.org/lodash
386 verbose url raw karma-chrome-launcher
387 verbose url resolving [ 'https://registry.npmjs.org/', './karma-chrome-launcher' ]
388 verbose url resolved https://registry.npmjs.org/karma-chrome-launcher
389 info trying registry request attempt 1 at 17:06:41
390 verbose etag "5a24d78a-df74"
391 http GET https://registry.npmjs.org/karma-chrome-launcher
392 verbose url raw karma-cli
393 verbose url resolving [ 'https://registry.npmjs.org/', './karma-cli' ]
394 verbose url resolved https://registry.npmjs.org/karma-cli
395 info trying registry request attempt 1 at 17:06:41
396 verbose etag "5a24d78e-435f"
397 http GET https://registry.npmjs.org/karma-cli
398 verbose url raw karma-jasmine
399 verbose url resolving [ 'https://registry.npmjs.org/', './karma-jasmine' ]
400 verbose url resolved https://registry.npmjs.org/karma-jasmine
401 info trying registry request attempt 1 at 17:06:41
402 verbose etag "5a41c39c-e0fc"
403 http GET https://registry.npmjs.org/karma-jasmine
404 verbose url raw karma-jasmine-html-reporter
405 verbose url resolving [ 'https://registry.npmjs.org/',
405 verbose url resolving   './karma-jasmine-html-reporter' ]
406 verbose url resolved https://registry.npmjs.org/karma-jasmine-html-reporter
407 info trying registry request attempt 1 at 17:06:41
408 verbose etag "595e0553-2af8"
409 http GET https://registry.npmjs.org/karma-jasmine-html-reporter
410 verbose url raw protractor
411 verbose url resolving [ 'https://registry.npmjs.org/', './protractor' ]
412 verbose url resolved https://registry.npmjs.org/protractor
413 info trying registry request attempt 1 at 17:06:41
414 verbose etag "5a41c386-28964"
415 http GET https://registry.npmjs.org/protractor
416 verbose url raw rimraf
417 verbose url resolving [ 'https://registry.npmjs.org/', './rimraf' ]
418 verbose url resolved https://registry.npmjs.org/rimraf
419 info trying registry request attempt 1 at 17:06:41
420 verbose etag "5a421e6a-ed47"
421 http GET https://registry.npmjs.org/rimraf
422 verbose url raw karma
423 verbose url resolving [ 'https://registry.npmjs.org/', './karma' ]
424 verbose url resolved https://registry.npmjs.org/karma
425 info trying registry request attempt 1 at 17:06:41
426 verbose etag "5a41be08-16bfcb"
427 http GET https://registry.npmjs.org/karma
428 verbose url raw angular/router
429 verbose url resolving [ 'https://registry.npmjs.org/', './angular/router' ]
430 verbose url resolved https://registry.npmjs.org/angular/router
431 info trying registry request attempt 1 at 17:06:41
432 http GET https://registry.npmjs.org/angular/router
433 verbose url raw types/node
434 verbose url resolving [ 'https://registry.npmjs.org/', './types/node' ]
435 verbose url resolved https://registry.npmjs.org/types/node
436 info trying registry request attempt 1 at 17:06:41
437 http GET https://registry.npmjs.org/types/node
438 verbose url raw types/jasmine
439 verbose url resolving [ 'https://registry.npmjs.org/', './types/jasmine' ]
440 verbose url resolved https://registry.npmjs.org/types/jasmine
441 info trying registry request attempt 1 at 17:06:41
442 http GET https://registry.npmjs.org/types/jasmine
443 verbose url raw angular/common
444 verbose url resolving [ 'https://registry.npmjs.org/', './angular/common' ]
445 verbose url resolved https://registry.npmjs.org/angular/common
446 info trying registry request attempt 1 at 17:06:41
447 http GET https://registry.npmjs.org/angular/common
448 verbose url raw angular/compiler
449 verbose url resolving [ 'https://registry.npmjs.org/', './angular/compiler' ]
450 verbose url resolved https://registry.npmjs.org/angular/compiler
451 info trying registry request attempt 1 at 17:06:41
452 http GET https://registry.npmjs.org/angular/compiler
453 verbose url raw angular/core
454 verbose url resolving [ 'https://registry.npmjs.org/', './angular/core' ]
455 verbose url resolved https://registry.npmjs.org/angular/core
456 info trying registry request attempt 1 at 17:06:41
457 http GET https://registry.npmjs.org/angular/core
458 verbose url raw angular/forms
459 verbose url resolving [ 'https://registry.npmjs.org/', './angular/forms' ]
460 verbose url resolved https://registry.npmjs.org/angular/forms
461 info trying registry request attempt 1 at 17:06:41
462 http GET https://registry.npmjs.org/angular/forms
463 verbose url raw angular/http
464 verbose url resolving [ 'https://registry.npmjs.org/', './angular/http' ]
465 verbose url resolved https://registry.npmjs.org/angular/http
466 info trying registry request attempt 1 at 17:06:41
467 http GET https://registry.npmjs.org/angular/http
468 verbose url raw angular/platform-browser
469 verbose url resolving [ 'https://registry.npmjs.org/', './angular/platform-browser' ]
470 verbose url resolved https://registry.npmjs.org/angular/platform-browser
471 info trying registry request attempt 1 at 17:06:41
472 http GET https://registry.npmjs.org/angular/platform-browser
473 verbose url raw angular/platform-browser-dynamic
474 verbose url resolving [ 'https://registry.npmjs.org/',
474 verbose url resolving   './angular/platform-browser-dynamic' ]
475 verbose url resolved https://registry.npmjs.org/angular/platform-browser-dynamic
476 info trying registry request attempt 1 at 17:06:41
477 http GET https://registry.npmjs.org/angular/platform-browser-dynamic
478 http 304 https://registry.npmjs.org/karma
479 silly registry.get cb [ 304,
479 silly registry.get   { date: 'Tue, 26 Dec 2017 17:06:47 GMT',
479 silly registry.get     via: '1.1 varnish',
479 silly registry.get     'cache-control': 'max-age=300',
479 silly registry.get     etag: '"5a41be08-16bfcb"',
479 silly registry.get     age: '6651',
479 silly registry.get     connection: 'close',
479 silly registry.get     'x-served-by': 'cache-lcy19233-LCY',
479 silly registry.get     'x-cache': 'HIT',
479 silly registry.get     'x-cache-hits': '3',
479 silly registry.get     'x-timer': 'S1514308008.864350,VS0,VE0',
479 silly registry.get     vary: 'Accept-Encoding, Accept' } ]
480 verbose etag karma from cache
481 http 304 https://registry.npmjs.org/rimraf
482 silly registry.get cb [ 304,
482 silly registry.get   { date: 'Tue, 26 Dec 2017 17:06:47 GMT',
482 silly registry.get     via: '1.1 varnish',
482 silly registry.get     'cache-control': 'max-age=300',
482 silly registry.get     etag: '"5a421e6a-ed47"',
482 silly registry.get     age: '10935',
482 silly registry.get     connection: 'close',
482 silly registry.get     'x-served-by': 'cache-lcy19239-LCY',
482 silly registry.get     'x-cache': 'HIT',
482 silly registry.get     'x-cache-hits': '76',
482 silly registry.get     'x-timer': 'S1514308008.864643,VS0,VE0',
482 silly registry.get     vary: 'Accept-Encoding, Accept' } ]
483 verbose etag rimraf from cache
484 silly addNameRange number 2 { name: 'karma', range: '>=1.3.0-0 <2.0.0-0', hasData: true }
485 silly addNameRange versions [ 'karma',
485 silly addNameRange   [ '0.8.0',
485 silly addNameRange     '0.9.0-dart',
485 silly addNameRange     '0.8.1',
485 silly addNameRange     '0.8.2',
485 silly addNameRange     '0.8.3',
485 silly addNameRange     '0.9.0',
485 silly addNameRange     '0.8.4',
485 silly addNameRange     '0.9.1',
485 silly addNameRange     '0.8.5',
485 silly addNameRange     '0.9.2',
485 silly addNameRange     '0.9.2-dart',
485 silly addNameRange     '0.9.3',
485 silly addNameRange     '0.8.6',
485 silly addNameRange     '0.9.4',
485 silly addNameRange     '0.8.7',
485 silly addNameRange     '0.9.5',
485 silly addNameRange     '0.9.6',
485 silly addNameRange     '0.8.8',
485 silly addNameRange     '0.9.7',
485 silly addNameRange     '0.9.8',
485 silly addNameRange     '0.10.0',
485 silly addNameRange     '0.10.1',
485 silly addNameRange     '0.10.2',
485 silly addNameRange     '0.11.0',
485 silly addNameRange     '0.11.1',
485 silly addNameRange     '0.10.3',
485 silly addNameRange     '0.10.4',
485 silly addNameRange     '0.11.2',
485 silly addNameRange     '0.11.3',
485 silly addNameRange     '0.10.5',
485 silly addNameRange     '0.11.4',
485 silly addNameRange     '0.11.5',
485 silly addNameRange     '0.10.6',
485 silly addNameRange     '0.11.6',
485 silly addNameRange     '0.10.7',
485 silly addNameRange     '0.11.7',
485 silly addNameRange     '0.11.8',
485 silly addNameRange     '0.11.9',
485 silly addNameRange     '0.10.8',
485 silly addNameRange     '0.11.10',
485 silly addNameRange     '0.11.11',
485 silly addNameRange     '0.11.12',
485 silly addNameRange     '0.11.11-dev',
485 silly addNameRange     '0.10.9',
485 silly addNameRange     '0.11.12-dev',
485 silly addNameRange     '0.11.12-dev2',
485 silly addNameRange     '0.11.13',
485 silly addNameRange     '0.11.14',
485 silly addNameRange     '0.12.0',
485 silly addNameRange     '0.10.10',
485 silly addNameRange     '0.12.1',
485 silly addNameRange     '0.12.2',
485 silly addNameRange     '0.12.3',
485 silly addNameRange     '0.12.4',
485 silly addNameRange     '0.12.5',
485 silly addNameRange     '0.12.6',
485 silly addNameRange     '0.12.6-beta-43e6e28',
485 silly addNameRange     '0.12.7',
485 silly addNameRange     '0.12.8',
485 silly addNameRange     '0.12.9',
485 silly addNameRange     '0.12.10',
485 silly addNameRange     '0.12.11',
485 silly addNameRange     '0.12.12',
485 silly addNameRange     '0.12.11-beta-3029418',
485 silly addNameRange     '0.12.13',
485 silly addNameRange     '0.12.14',
485 silly addNameRange     '0.12.15',
485 silly addNameRange     '0.12.16',
485 silly addNameRange     '0.12.16-beta-905422d',
485 silly addNameRange     '0.12.17',
485 silly addNameRange     '0.12.18',
485 silly addNameRange     '0.12.19',
485 silly addNameRange     '0.12.20',
485 silly addNameRange     '0.12.21',
485 silly addNameRange     '0.12.22',
485 silly addNameRange     '0.12.23',
485 silly addNameRange     '0.12.24',
485 silly addNameRange     '0.12.24-beta-6cf7955',
485 silly addNameRange     '0.12.25',
485 silly addNameRange     '0.12.25-beta-37a7958',
485 silly addNameRange     '0.12.25-beta-ad5bc24',
485 silly addNameRange     '0.12.26',
485 silly addNameRange     '0.12.27',
485 silly addNameRange     '0.12.28',
485 silly addNameRange     '0.12.28-beta-b9be580',
485 silly addNameRange     '0.12.29',
485 silly addNameRange     '0.12.30',
485 silly addNameRange     '0.12.31',
485 silly addNameRange     '0.12.28-beta-f65c864',
485 silly addNameRange     '0.12.24-dev-test',
485 silly addNameRange     '0.12.24-dev-socketio10',
485 silly addNameRange     '0.12.24-dev-socketio10-2',
485 silly addNameRange     '0.12.32-beta.0',
485 silly addNameRange     '0.12.32',
485 silly addNameRange     '0.13.0-rc.0',
485 silly addNameRange     '0.12.33',
485 silly addNameRange     '0.13.0-rc.1',
485 silly addNameRange     '0.12.34',
485 silly addNameRange     '0.13.0-rc.2',
485 silly addNameRange     '0.12.35',
485 silly addNameRange     ... 45 more items ] ]
486 verbose addNamed [ 'karma', '1.7.1' ]
487 verbose addNamed [ '1.7.1', '1.7.1' ]
488 silly lockFile ab82104e-karma-1-7-1 karma@1.7.1
489 verbose lock karma@1.7.1 C:\Users\keith\AppData\Roaming\npm-cache\ab82104e-karma-1-7-1.lock
490 silly addNameRange number 2 { name: 'rimraf', range: '>=2.5.4-0 <3.0.0-0', hasData: true }
491 silly addNameRange versions [ 'rimraf',
491 silly addNameRange   [ '1.0.0',
491 silly addNameRange     '1.0.1',
491 silly addNameRange     '1.0.2',
491 silly addNameRange     '1.0.4',
491 silly addNameRange     '1.0.5',
491 silly addNameRange     '1.0.6',
491 silly addNameRange     '1.0.7',
491 silly addNameRange     '1.0.8',
491 silly addNameRange     '1.0.9',
491 silly addNameRange     '2.0.0',
491 silly addNameRange     '2.0.1',
491 silly addNameRange     '2.0.2',
491 silly addNameRange     '2.0.3',
491 silly addNameRange     '2.1.0',
491 silly addNameRange     '2.1.1',
491 silly addNameRange     '2.1.2',
491 silly addNameRange     '2.1.3',
491 silly addNameRange     '2.1.4',
491 silly addNameRange     '2.2.0',
491 silly addNameRange     '2.2.1',
491 silly addNameRange     '2.2.2',
491 silly addNameRange     '2.2.3',
491 silly addNameRange     '2.2.4',
491 silly addNameRange     '2.2.5',
491 silly addNameRange     '2.2.6',
491 silly addNameRange     '2.2.8',
491 silly addNameRange     '2.3.0',
491 silly addNameRange     '2.3.1',
491 silly addNameRange     '2.3.2',
491 silly addNameRange     '2.3.3',
491 silly addNameRange     '2.3.4',
491 silly addNameRange     '2.4.0',
491 silly addNameRange     '2.4.1',
491 silly addNameRange     '2.4.2',
491 silly addNameRange     '2.4.3',
491 silly addNameRange     '2.4.4',
491 silly addNameRange     '2.4.5',
491 silly addNameRange     '2.5.0',
491 silly addNameRange     '2.5.1',
491 silly addNameRange     '2.5.2',
491 silly addNameRange     '2.5.3',
491 silly addNameRange     '2.5.4',
491 silly addNameRange     '2.6.0',
491 silly addNameRange     '2.6.1',
491 silly addNameRange     '2.6.2' ] ]
492 verbose addNamed [ 'rimraf', '2.6.2' ]
493 verbose addNamed [ '2.6.2', '2.6.2' ]
494 silly lockFile ad92b07c-rimraf-2-6-2 rimraf@2.6.2
495 verbose lock rimraf@2.6.2 C:\Users\keith\AppData\Roaming\npm-cache\ad92b07c-rimraf-2-6-2.lock
496 silly lockFile ab82104e-karma-1-7-1 karma@1.7.1
497 silly lockFile ab82104e-karma-1-7-1 karma@1.7.1
498 silly lockFile ad92b07c-rimraf-2-6-2 rimraf@2.6.2
499 silly lockFile ad92b07c-rimraf-2-6-2 rimraf@2.6.2
500 silly lockFile a3bdc13e-karma-1-3-0 karma@^1.3.0
501 silly lockFile a3bdc13e-karma-1-3-0 karma@^1.3.0
502 silly lockFile 10f74622-rimraf-2-5-4 rimraf@^2.5.4
503 silly lockFile 10f74622-rimraf-2-5-4 rimraf@^2.5.4
504 http 304 https://registry.npmjs.org/protractor
505 silly registry.get cb [ 304,
505 silly registry.get   { date: 'Tue, 26 Dec 2017 17:06:48 GMT',
505 silly registry.get     via: '1.1 varnish',
505 silly registry.get     'cache-control': 'max-age=300',
505 silly registry.get     etag: '"5a41c386-28964"',
505 silly registry.get     age: '4611',
505 silly registry.get     connection: 'close',
505 silly registry.get     'x-served-by': 'cache-lcy19241-LCY',
505 silly registry.get     'x-cache': 'HIT',
505 silly registry.get     'x-cache-hits': '3',
505 silly registry.get     'x-timer': 'S1514308008.146053,VS0,VE0',
505 silly registry.get     vary: 'Accept-Encoding, Accept' } ]
506 verbose etag protractor from cache
507 silly addNameRange number 2 { name: 'protractor',
507 silly addNameRange   range: '>=4.0.14-0 <4.1.0-0',
507 silly addNameRange   hasData: true }
508 silly addNameRange versions [ 'protractor',
508 silly addNameRange   [ '0.1.0',
508 silly addNameRange     '0.1.1',
508 silly addNameRange     '0.1.2',
508 silly addNameRange     '0.1.3',
508 silly addNameRange     '0.2.0',
508 silly addNameRange     '0.2.1',
508 silly addNameRange     '0.3.0',
508 silly addNameRange     '0.4.0',
508 silly addNameRange     '0.4.1',
508 silly addNameRange     '0.5.0',
508 silly addNameRange     '0.6.1',
508 silly addNameRange     '0.7.0',
508 silly addNameRange     '0.8.0',
508 silly addNameRange     '0.9.0',
508 silly addNameRange     '0.10.0',
508 silly addNameRange     '0.11.0',
508 silly addNameRange     '0.12.0',
508 silly addNameRange     '0.12.1',
508 silly addNameRange     '0.13.0',
508 silly addNameRange     '0.14.0',
508 silly addNameRange     '0.15.0',
508 silly addNameRange     '0.16.0',
508 silly addNameRange     '0.16.1',
508 silly addNameRange     '0.17.0',
508 silly addNameRange     '0.18.0',
508 silly addNameRange     '0.18.1',
508 silly addNameRange     '0.19.0',
508 silly addNameRange     '0.20.0',
508 silly addNameRange     '0.20.1',
508 silly addNameRange     '0.21.0',
508 silly addNameRange     '0.22.0',
508 silly addNameRange     '0.23.0',
508 silly addNameRange     '0.23.1',
508 silly addNameRange     '0.24.0',
508 silly addNameRange     '0.24.1',
508 silly addNameRange     '0.24.2',
508 silly addNameRange     '1.0.0-rc1',
508 silly addNameRange     '1.0.0-rc2',
508 silly addNameRange     '1.0.0-rc3',
508 silly addNameRange     '1.0.0-rc4',
508 silly addNameRange     '1.0.0-rc5',
508 silly addNameRange     '1.0.0-rc6',
508 silly addNameRange     '1.0.0',
508 silly addNameRange     '1.1.0',
508 silly addNameRange     '1.1.1',
508 silly addNameRange     '1.2.0-beta1',
508 silly addNameRange     '1.2.0',
508 silly addNameRange     '1.3.0',
508 silly addNameRange     '1.3.1',
508 silly addNameRange     '1.4.0',
508 silly addNameRange     '1.5.0',
508 silly addNameRange     '1.6.0',
508 silly addNameRange     '1.6.1',
508 silly addNameRange     '1.7.0',
508 silly addNameRange     '1.8.0',
508 silly addNameRange     '2.0.0',
508 silly addNameRange     '2.1.0',
508 silly addNameRange     '2.2.0',
508 silly addNameRange     '2.3.0',
508 silly addNameRange     '2.4.0',
508 silly addNameRange     '2.5.0',
508 silly addNameRange     '2.5.1',
508 silly addNameRange     '3.0.0',
508 silly addNameRange     '3.1.0',
508 silly addNameRange     '3.1.1',
508 silly addNameRange     '3.2.0',
508 silly addNameRange     '3.2.1',
508 silly addNameRange     '3.2.2',
508 silly addNameRange     '0.0.0',
508 silly addNameRange     '3.3.0',
508 silly addNameRange     '4.0.0',
508 silly addNameRange     '4.0.1',
508 silly addNameRange     '4.0.2',
508 silly addNameRange     '4.0.3',
508 silly addNameRange     '4.0.4',
508 silly addNameRange     '4.0.5',
508 silly addNameRange     '4.0.6',
508 silly addNameRange     '4.0.7',
508 silly addNameRange     '4.0.8',
508 silly addNameRange     '4.0.9',
508 silly addNameRange     '4.0.10',
508 silly addNameRange     '4.0.11',
508 silly addNameRange     '4.0.12',
508 silly addNameRange     '4.0.13',
508 silly addNameRange     '4.0.14',
508 silly addNameRange     '5.0.0',
508 silly addNameRange     '5.1.0',
508 silly addNameRange     '5.1.1',
508 silly addNameRange     '5.1.2',
508 silly addNameRange     '5.2.0',
508 silly addNameRange     '5.2.1',
508 silly addNameRange     '5.2.2' ] ]
509 verbose addNamed [ 'protractor', '4.0.14' ]
510 verbose addNamed [ '4.0.14', '4.0.14' ]
511 silly lockFile 99e6b388-protractor-4-0-14 protractor@4.0.14
512 verbose lock protractor@4.0.14 C:\Users\keith\AppData\Roaming\npm-cache\99e6b388-protractor-4-0-14.lock
513 silly lockFile 99e6b388-protractor-4-0-14 protractor@4.0.14
514 silly lockFile 99e6b388-protractor-4-0-14 protractor@4.0.14
515 silly lockFile 435f25c9-protractor-4-0-14 protractor@~4.0.14
516 silly lockFile 435f25c9-protractor-4-0-14 protractor@~4.0.14
517 http 404 https://registry.npmjs.org/angular/platform-browser
518 silly registry.get cb [ 404,
518 silly registry.get   { 'content-type': 'application/json',
518 silly registry.get     'cache-control': 'max-age=0',
518 silly registry.get     'content-length': '2',
518 silly registry.get     'accept-ranges': 'bytes',
518 silly registry.get     date: 'Tue, 26 Dec 2017 17:06:48 GMT',
518 silly registry.get     via: '1.1 varnish',
518 silly registry.get     age: '0',
518 silly registry.get     connection: 'close',
518 silly registry.get     'x-served-by': 'cache-lcy19232-LCY',
518 silly registry.get     'x-cache': 'MISS',
518 silly registry.get     'x-cache-hits': '0',
518 silly registry.get     'x-timer': 'S1514308008.865160,VS0,VE306',
518 silly registry.get     vary: 'Accept-Encoding' } ]
519 silly lockFile 9d81216e-angular-platform-browser-4-3-4 angular/platform-browser@~4.3.4
520 silly lockFile 9d81216e-angular-platform-browser-4-3-4 angular/platform-browser@~4.3.4
521 error 404 Not Found
521 error 404
521 error 404 'angular/platform-browser' is not in the npm registry.
521 error 404 You should bug the author to publish it
521 error 404 It was specified as a dependency of 'asp.net'
521 error 404
521 error 404 Note that you can also install from a
521 error 404 tarball, folder, or http url, or git url.
522 error System Windows_NT 10.0.17040
523 error command "C:\\Program Files\\nodejs\\node.exe" "C:\\ProgramData\\chocolatey\\lib\\npm\\tools\\node_modules\\npm\\bin\\npm-cli.js" "install"
524 error cwd C:\git\Source\Repos\scaling-invention\scaling-invention\scaling-invention
525 error node -v v8.1.1
526 error npm -v 1.4.9
527 error code E404
528 verbose exit [ 1, true ]
